execve("/usr/bin/speech-dispatcher", ["/usr/bin/speech-dispatcher", "-s"], 0x7fcdbef3a8 /* 47 vars */) = 0
brk(NULL)                               = 0x559664c000
faccessat(AT_FDCWD, "/etc/ld.so.preload", R_OK) = -1 ENOENT (No such file or directory)
openat(AT_FDCWD, "/etc/ld.so.cache", O_RDONLY|O_CLOEXEC) = 3
fstat(3, {st_mode=S_IFREG|0644, st_size=86061, ...}) = 0
mmap(NULL, 86061, PROT_READ, MAP_PRIVATE, 3, 0) = 0x7fb8cdd000
close(3)                                = 0
openat(AT_FDCWD, "/lib/aarch64-linux-gnu/libdotconf.so.0", O_RDONLY|O_CLOEXEC) = 3
read(3, "\177ELF\2\1\1\0\0\0\0\0\0\0\0\0\3\0\267\0\1\0\0\0\320\34\0\0\0\0\0\0"..., 832) = 832
fstat(3, {st_mode=S_IFREG|0644, st_size=22944, ...}) = 0
mmap(NULL, 8192, PROT_READ|PROT_WRITE, MAP_PRIVATE|MAP_ANONYMOUS, -1, 0) = 0x7fb8d1f000
mmap(NULL, 86720, PROT_READ|PROT_EXEC, MAP_PRIVATE|MAP_DENYWRITE, 3, 0) = 0x7fb8cc7000
mprotect(0x7fb8ccc000, 61440, PROT_NONE) = 0
mmap(0x7fb8cdb000, 8192, PROT_READ|PROT_WRITE, MAP_PRIVATE|MAP_FIXED|MAP_DENYWRITE, 3, 0x4000) = 0x7fb8cdb000
close(3)                                = 0
openat(AT_FDCWD, "/lib/aarch64-linux-gnu/libgmodule-2.0.so.0", O_RDONLY|O_CLOEXEC) = 3
read(3, "\177ELF\2\1\1\0\0\0\0\0\0\0\0\0\3\0\267\0\1\0\0\0@\21\0\0\0\0\0\0"..., 832) = 832
fstat(3, {st_mode=S_IFREG|0644, st_size=14328, ...}) = 0
mmap(NULL, 77944, PROT_READ|PROT_EXEC, MAP_PRIVATE|MAP_DENYWRITE, 3, 0) = 0x7fb8cb3000
mprotect(0x7fb8cb6000, 61440, PROT_NONE) = 0
mmap(0x7fb8cc5000, 8192, PROT_READ|PROT_WRITE, MAP_PRIVATE|MAP_FIXED|MAP_DENYWRITE, 3, 0x2000) = 0x7fb8cc5000
close(3)                                = 0
openat(AT_FDCWD, "/lib/aarch64-linux-gnu/libglib-2.0.so.0", O_RDONLY|O_CLOEXEC) = 3
read(3, "\177ELF\2\1\1\0\0\0\0\0\0\0\0\0\3\0\267\0\1\0\0\0000\315\1\0\0\0\0\0"..., 832) = 832
fstat(3, {st_mode=S_IFREG|0644, st_size=1261168, ...}) = 0
mmap(NULL, 1327520, PROT_READ|PROT_EXEC, MAP_PRIVATE|MAP_DENYWRITE, 3, 0) = 0x7fb8b6e000
mprotect(0x7fb8ca0000, 65536, PROT_NONE) = 0
mmap(0x7fb8cb0000, 8192, PROT_READ|PROT_WRITE, MAP_PRIVATE|MAP_FIXED|MAP_DENYWRITE, 3, 0x132000) = 0x7fb8cb0000
mmap(0x7fb8cb2000, 416, PROT_READ|PROT_WRITE, MAP_PRIVATE|MAP_FIXED|MAP_ANONYMOUS, -1, 0) = 0x7fb8cb2000
close(3)                                = 0
openat(AT_FDCWD, "/lib/aarch64-linux-gnu/libc.so.6", O_RDONLY|O_CLOEXEC) = 3
read(3, "\177ELF\2\1\1\3\0\0\0\0\0\0\0\0\3\0\267\0\1\0\0\0 \17\2\0\0\0\0\0"..., 832) = 832
fstat(3, {st_mode=S_IFREG|0755, st_size=1450976, ...}) = 0
mmap(NULL, 1523608, PROT_READ|PROT_EXEC, MAP_PRIVATE|MAP_DENYWRITE, 3, 0) = 0x7fb89fa000
mprotect(0x7fb8b56000, 61440, PROT_NONE) = 0
mmap(0x7fb8b65000, 24576, PROT_READ|PROT_WRITE, MAP_PRIVATE|MAP_FIXED|MAP_DENYWRITE, 3, 0x15b000) = 0x7fb8b65000
mmap(0x7fb8b6b000, 12184, PROT_READ|PROT_WRITE, MAP_PRIVATE|MAP_FIXED|MAP_ANONYMOUS, -1, 0) = 0x7fb8b6b000
close(3)                                = 0
openat(AT_FDCWD, "/lib/aarch64-linux-gnu/libpthread.so.0", O_RDONLY|O_CLOEXEC) = 3
read(3, "\177ELF\2\1\1\0\0\0\0\0\0\0\0\0\3\0\267\0\1\0\0\0 a\0\0\0\0\0\0"..., 832) = 832
fstat(3, {st_mode=S_IFREG|0755, st_size=160200, ...}) = 0
mmap(NULL, 197632, PROT_READ|PROT_EXEC, MAP_PRIVATE|MAP_DENYWRITE, 3, 0) = 0x7fb89c9000
mprotect(0x7fb89e5000, 61440, PROT_NONE) = 0
mmap(0x7fb89f4000, 8192, PROT_READ|PROT_WRITE, MAP_PRIVATE|MAP_FIXED|MAP_DENYWRITE, 3, 0x1b000) = 0x7fb89f4000
mmap(0x7fb89f6000, 13312, PROT_READ|PROT_WRITE, MAP_PRIVATE|MAP_FIXED|MAP_ANONYMOUS, -1, 0) = 0x7fb89f6000
close(3)                                = 0
openat(AT_FDCWD, "/lib/aarch64-linux-gnu/libdl.so.2", O_RDONLY|O_CLOEXEC) = 3
read(3, "\177ELF\2\1\1\0\0\0\0\0\0\0\0\0\3\0\267\0\1\0\0\0P\17\0\0\0\0\0\0"..., 832) = 832
fstat(3, {st_mode=S_IFREG|0644, st_size=14560, ...}) = 0
mmap(NULL, 8192, PROT_READ|PROT_WRITE, MAP_PRIVATE|MAP_ANONYMOUS, -1, 0) = 0x7fb8d1d000
mmap(NULL, 78080, PROT_READ|PROT_EXEC, MAP_PRIVATE|MAP_DENYWRITE, 3, 0) = 0x7fb89b5000
mprotect(0x7fb89b8000, 61440, PROT_NONE) = 0
mmap(0x7fb89c7000, 8192, PROT_READ|PROT_WRITE, MAP_PRIVATE|MAP_FIXED|MAP_DENYWRITE, 3, 0x2000) = 0x7fb89c7000
close(3)                                = 0
openat(AT_FDCWD, "/lib/aarch64-linux-gnu/libpcre.so.3", O_RDONLY|O_CLOEXEC) = 3
read(3, "\177ELF\2\1\1\0\0\0\0\0\0\0\0\0\3\0\267\0\1\0\0\0\220\27\0\0\0\0\0\0"..., 832) = 832
fstat(3, {st_mode=S_IFREG|0644, st_size=399240, ...}) = 0
mmap(NULL, 463008, PROT_READ|PROT_EXEC, MAP_PRIVATE|MAP_DENYWRITE, 3, 0) = 0x7fb8943000
mprotect(0x7fb89a4000, 61440, PROT_NONE) = 0
mmap(0x7fb89b3000, 8192, PROT_READ|PROT_WRITE, MAP_PRIVATE|MAP_FIXED|MAP_DENYWRITE, 3, 0x60000) = 0x7fb89b3000
close(3)                                = 0
mmap(NULL, 8192, PROT_READ|PROT_WRITE, MAP_PRIVATE|MAP_ANONYMOUS, -1, 0) = 0x7fb8d1b000
mprotect(0x7fb8b65000, 16384, PROT_READ) = 0
mprotect(0x7fb89f4000, 4096, PROT_READ) = 0
mprotect(0x7fb89b3000, 4096, PROT_READ) = 0
mprotect(0x7fb89c7000, 4096, PROT_READ) = 0
mprotect(0x7fb8cb0000, 4096, PROT_READ) = 0
mprotect(0x7fb8cc5000, 4096, PROT_READ) = 0
mprotect(0x7fb8cdb000, 4096, PROT_READ) = 0
mprotect(0x5591ac8000, 4096, PROT_READ) = 0
mprotect(0x7fb8d24000, 4096, PROT_READ) = 0
munmap(0x7fb8cdd000, 86061)             = 0
set_tid_address(0x7fb8d1b110)           = 7629
set_robust_list(0x7fb8d1b120, 24)       = 0
rt_sigaction(SIGRTMIN, {sa_handler=0x7fb89ceb94, sa_mask=[], sa_flags=SA_SIGINFO}, NULL, 8) = 0
rt_sigaction(SIGRT_1, {sa_handler=0x7fb89cec50, sa_mask=[], sa_flags=SA_RESTART|SA_SIGINFO}, NULL, 8) = 0
rt_sigprocmask(SIG_UNBLOCK, [RTMIN RT_1], NULL, 8) = 0
prlimit64(0, RLIMIT_STACK, NULL, {rlim_cur=8192*1024, rlim_max=RLIM64_INFINITY}) = 0
brk(NULL)                               = 0x559664c000
brk(0x559666d000)                       = 0x559666d000
umask(007)                              = 022
openat(AT_FDCWD, "/usr/lib/locale/locale-archive", O_RDONLY|O_CLOEXEC) = 3
fstat(3, {st_mode=S_IFREG|0644, st_size=3041504, ...}) = 0
mmap(NULL, 3041504, PROT_READ, MAP_PRIVATE, 3, 0) = 0x7fb865c000
close(3)                                = 0
openat(AT_FDCWD, "/etc/localtime", O_RDONLY|O_CLOEXEC) = 3
fstat(3, {st_mode=S_IFREG|0644, st_size=3678, ...}) = 0
fstat(3, {st_mode=S_IFREG|0644, st_size=3678, ...}) = 0
read(3, "TZif2\0\0\0\0\0\0\0\0\0\0\0\0\0\0\0\0\0\0\10\0\0\0\10\0\0\0\0"..., 4096) = 3678
lseek(3, -2338, SEEK_CUR)               = 1340
read(3, "TZif2\0\0\0\0\0\0\0\0\0\0\0\0\0\0\0\0\0\0\10\0\0\0\10\0\0\0\0"..., 4096) = 2338
close(3)                                = 0
fstat(1, {st_mode=S_IFCHR|0620, st_rdev=makedev(0x88, 0), ...}) = 0
write(1, "[Wed Nov  5 07:04:41 2025 : 1602"..., 79) = 79
mkdirat(AT_FDCWD, "/run/user/1000/speech-dispatcher", 0700) = -1 EEXIST (File exists)
newfstatat(AT_FDCWD, "/run/user/1000/speech-dispatcher", {st_mode=S_IFDIR|0700, st_size=100, ...}, 0) = 0
mkdirat(AT_FDCWD, "/run/user/1000/speech-dispatcher/pid", 0700) = -1 EEXIST (File exists)
newfstatat(AT_FDCWD, "/home/knotted/.config/speech-dispatcher/speechd.conf", 0x7fea43bcf8, 0) = -1 ENOENT (No such file or directory)
openat(AT_FDCWD, "/run/user/1000/speech-dispatcher/pid/speech-dispatcher.pid", O_RDONLY) = -1 ENOENT (No such file or directory)
openat(AT_FDCWD, "/run/user/1000/speech-dispatcher/pid/speech-dispatcher.pid", O_WRONLY|O_CREAT|O_TRUNC, 0666) = 3
getpid()                                = 7629
fstat(3, {st_mode=S_IFREG|0660, st_size=0, ...}) = 0
write(3, "7629\n", 5)                   = 5
fcntl(3, F_SETLK, {l_type=F_WRLCK, l_whence=SEEK_SET, l_start=1, l_len=3}) = 0
pipe2([4, 5], 0)                        = 0
mkdirat(AT_FDCWD, "/run/user/1000/speech-dispatcher/log/", 0700) = -1 EEXIST (File exists)
mkdirat(AT_FDCWD, "/run/user/1000/speech-dispatcher/log/debug", 0700) = 0
wait4(-1, NULL, WNOHANG, NULL)          = -1 ECHILD (No child processes)
openat(AT_FDCWD, "/etc/speech-dispatcher/speechd.conf", O_RDONLY) = 6
fstat(6, {st_mode=S_IFREG|0644, st_size=13861, ...}) = 0
read(6, "\n# Global configuration for Spee"..., 4096) = 4096
openat(AT_FDCWD, "/run/user/1000/speech-dispatcher/log//speech-dispatcher.log", O_WRONLY|O_CREAT|O_APPEND, 0666) = 7
lseek(7, 0, SEEK_END)                   = 5220
newfstatat(AT_FDCWD, "/etc/localtime", {st_mode=S_IFREG|0644, st_size=3678, ...}, 0) = 0
fstat(7, {st_mode=S_IFREG|0660, st_size=5220, ...}) = 0
write(7, "[Wed Nov  5 07:04:41 2025 : 1660"..., 141) = 141
read(6, "guration\n# in etc/speech-dispatc"..., 4096) = 4096
read(6, "parameters --\n\n# Pulse audio dev"..., 4096) = 4096
openat(AT_FDCWD, "/etc/speech-dispatcher/clients/", O_RDONLY|O_NONBLOCK|O_CLOEXEC|O_DIRECTORY) = 8
fstat(8, {st_mode=S_IFDIR|0755, st_size=4096, ...}) = 0
getdents64(8, 0x559665d4c0 /* 3 entries */, 32768) = 80
faccessat(AT_FDCWD, "/etc/speech-dispatcher/clients/emacs.conf", R_OK) = 0
openat(AT_FDCWD, "/etc/speech-dispatcher/clients/emacs.conf", O_RDONLY) = 9
fstat(9, {st_mode=S_IFREG|0644, st_size=116, ...}) = 0
read(9, "# Local configuration for emacs\n"..., 4096) = 116
read(9, "", 4096)                       = 0
close(9)                                = 0
getdents64(8, 0x559665d4c0 /* 0 entries */, 32768) = 0
close(8)                                = 0
read(6, "ospawn mechanism.\n# Thus the ser"..., 4096) = 1573
read(6, "", 4096)                       = 0
close(6)                                = 0
newfstatat(AT_FDCWD, "/etc/localtime", {st_mode=S_IFREG|0644, st_size=3678, ...}, 0) = 0
write(7, "[Wed Nov  5 07:04:41 2025 : 1709"..., 117) = 117
openat(AT_FDCWD, "/usr/lib/speech-dispatcher-modules", O_RDONLY|O_NONBLOCK|O_CLOEXEC|O_DIRECTORY) = 6
fstat(6, {st_mode=S_IFDIR|0755, st_size=4096, ...}) = 0
getdents64(6, 0x559665d4c0 /* 5 entries */, 32768) = 144
newfstatat(AT_FDCWD, "/usr/lib/speech-dispatcher-modules/sd_espeak-ng", {st_mode=S_IFREG|0755, st_size=108552, ...}, 0) = 0
newfstatat(AT_FDCWD, "/usr/lib/speech-dispatcher-modules/sd_generic", {st_mode=S_IFREG|0755, st_size=108712, ...}, 0) = 0
openat(AT_FDCWD, "/etc/speech-dispatcher/modules", O_RDONLY|O_NONBLOCK|O_CLOEXEC|O_DIRECTORY) = 8
fstat(8, {st_mode=S_IFDIR|0755, st_size=4096, ...}) = 0
brk(0x559668f000)                       = 0x559668f000
getdents64(8, 0x5596666ac0 /* 15 entries */, 32768) = 576
newfstatat(AT_FDCWD, "/etc/speech-dispatcher/modules/llia_phon-generic.conf", {st_mode=S_IFREG|0644, st_size=3473, ...}, 0) = 0
openat(AT_FDCWD, "/etc/speech-dispatcher/modules/llia_phon-generic.conf", O_RDONLY) = 9
fstat(9, {st_mode=S_IFREG|0644, st_size=3473, ...}) = 0
read(9, "# llia_phon output module is bas"..., 4096) = 3473
rt_sigaction(SIGINT, {sa_handler=SIG_IGN, sa_mask=[], sa_flags=0}, {sa_handler=SIG_DFL, sa_mask=[], sa_flags=0}, 8) = 0
rt_sigaction(SIGQUIT, {sa_handler=SIG_IGN, sa_mask=[], sa_flags=0}, {sa_handler=SIG_DFL, sa_mask=[], sa_flags=0}, 8) = 0
rt_sigprocmask(SIG_BLOCK, [CHLD], [], 8) = 0
mmap(NULL, 36864, PROT_READ|PROT_WRITE, MAP_PRIVATE|MAP_ANONYMOUS|MAP_STACK, -1, 0) = 0x7fb8cea000
rt_sigprocmask(SIG_BLOCK, ~[], [CHLD], 8) = 0
clone(child_stack=0x7fb8cf3000, flags=CLONE_VM|CLONE_VFORK|SIGCHLD) = 7632
munmap(0x7fb8cea000, 36864)             = 0
rt_sigprocmask(SIG_SETMASK, [CHLD], NULL, 8) = 0
wait4(7632, [{WIFEXITED(s) && WEXITSTATUS(s) == 127}], 0, NULL) = 7632
rt_sigaction(SIGINT, {sa_handler=SIG_DFL, sa_mask=[], sa_flags=0}, NULL, 8) = 0
rt_sigaction(SIGQUIT, {sa_handler=SIG_DFL, sa_mask=[], sa_flags=0}, NULL, 8) = 0
rt_sigprocmask(SIG_SETMASK, [], NULL, 8) = 0
--- SIGCHLD {si_signo=SIGCHLD, si_code=CLD_EXITED, si_pid=7632, si_uid=1000, si_status=127, si_utime=0, si_stime=0} ---
rt_sigaction(SIGINT, {sa_handler=SIG_IGN, sa_mask=[], sa_flags=0}, {sa_handler=SIG_DFL, sa_mask=[], sa_flags=0}, 8) = 0
rt_sigaction(SIGQUIT, {sa_handler=SIG_IGN, sa_mask=[], sa_flags=0}, {sa_handler=SIG_DFL, sa_mask=[], sa_flags=0}, 8) = 0
rt_sigprocmask(SIG_BLOCK, [CHLD], [], 8) = 0
mmap(NULL, 36864, PROT_READ|PROT_WRITE, MAP_PRIVATE|MAP_ANONYMOUS|MAP_STACK, -1, 0) = 0x7fb8cea000
rt_sigprocmask(SIG_BLOCK, ~[], [CHLD], 8) = 0
clone(child_stack=0x7fb8cf3000, flags=CLONE_VM|CLONE_VFORK|SIGCHLD) = 7633
munmap(0x7fb8cea000, 36864)             = 0
rt_sigprocmask(SIG_SETMASK, [CHLD], NULL, 8) = 0
wait4(7633, [{WIFEXITED(s) && WEXITSTATUS(s) == 127}], 0, NULL) = 7633
rt_sigaction(SIGINT, {sa_handler=SIG_DFL, sa_mask=[], sa_flags=0}, NULL, 8) = 0
rt_sigaction(SIGQUIT, {sa_handler=SIG_DFL, sa_mask=[], sa_flags=0}, NULL, 8) = 0
rt_sigprocmask(SIG_SETMASK, [], NULL, 8) = 0
--- SIGCHLD {si_signo=SIGCHLD, si_code=CLD_EXITED, si_pid=7633, si_uid=1000, si_status=127, si_utime=0, si_stime=0} ---
read(9, "", 4096)                       = 0
close(9)                                = 0
newfstatat(AT_FDCWD, "/etc/speech-dispatcher/modules/epos-generic.conf", {st_mode=S_IFREG|0644, st_size=3942, ...}, 0) = 0
openat(AT_FDCWD, "/etc/speech-dispatcher/modules/epos-generic.conf", O_RDONLY) = 9
fstat(9, {st_mode=S_IFREG|0644, st_size=3942, ...}) = 0
read(9, "# Epos output module is based on"..., 4096) = 3942
rt_sigaction(SIGINT, {sa_handler=SIG_IGN, sa_mask=[], sa_flags=0}, {sa_handler=SIG_DFL, sa_mask=[], sa_flags=0}, 8) = 0
rt_sigaction(SIGQUIT, {sa_handler=SIG_IGN, sa_mask=[], sa_flags=0}, {sa_handler=SIG_DFL, sa_mask=[], sa_flags=0}, 8) = 0
rt_sigprocmask(SIG_BLOCK, [CHLD], [], 8) = 0
mmap(NULL, 36864, PROT_READ|PROT_WRITE, MAP_PRIVATE|MAP_ANONYMOUS|MAP_STACK, -1, 0) = 0x7fb8cea000
rt_sigprocmask(SIG_BLOCK, ~[], [CHLD], 8) = 0
clone(child_stack=0x7fb8cf3000, flags=CLONE_VM|CLONE_VFORK|SIGCHLD) = 7634
munmap(0x7fb8cea000, 36864)             = 0
rt_sigprocmask(SIG_SETMASK, [CHLD], NULL, 8) = 0
wait4(7634, [{WIFEXITED(s) && WEXITSTATUS(s) == 127}], 0, NULL) = 7634
rt_sigaction(SIGINT, {sa_handler=SIG_DFL, sa_mask=[], sa_flags=0}, NULL, 8) = 0
rt_sigaction(SIGQUIT, {sa_handler=SIG_DFL, sa_mask=[], sa_flags=0}, NULL, 8) = 0
rt_sigprocmask(SIG_SETMASK, [], NULL, 8) = 0
--- SIGCHLD {si_signo=SIGCHLD, si_code=CLD_EXITED, si_pid=7634, si_uid=1000, si_status=127, si_utime=0, si_stime=0} ---
read(9, "", 4096)                       = 0
close(9)                                = 0
newfstatat(AT_FDCWD, "/etc/speech-dispatcher/modules/mary-generic-disabled.conf", {st_mode=S_IFREG|0644, st_size=4038, ...}, 0) = 0
newfstatat(AT_FDCWD, "/etc/speech-dispatcher/modules/flite.conf", {st_mode=S_IFREG|0644, st_size=1124, ...}, 0) = 0
newfstatat(AT_FDCWD, "/etc/speech-dispatcher/modules/festival.conf", {st_mode=S_IFREG|0644, st_size=3859, ...}, 0) = 0
newfstatat(AT_FDCWD, "/etc/speech-dispatcher/modules/espeak-mbrola-generic.conf", {st_mode=S_IFREG|0644, st_size=8858, ...}, 0) = 0
openat(AT_FDCWD, "/etc/speech-dispatcher/modules/espeak-mbrola-generic.conf", O_RDONLY) = 9
fstat(9, {st_mode=S_IFREG|0644, st_size=8858, ...}) = 0
read(9, "# Espeak mbrola output module is"..., 4096) = 4096
rt_sigaction(SIGINT, {sa_handler=SIG_IGN, sa_mask=[], sa_flags=0}, {sa_handler=SIG_DFL, sa_mask=[], sa_flags=0}, 8) = 0
rt_sigaction(SIGQUIT, {sa_handler=SIG_IGN, sa_mask=[], sa_flags=0}, {sa_handler=SIG_DFL, sa_mask=[], sa_flags=0}, 8) = 0
rt_sigprocmask(SIG_BLOCK, [CHLD], [], 8) = 0
mmap(NULL, 36864, PROT_READ|PROT_WRITE, MAP_PRIVATE|MAP_ANONYMOUS|MAP_STACK, -1, 0) = 0x7fb8cea000
rt_sigprocmask(SIG_BLOCK, ~[], [CHLD], 8) = 0
clone(child_stack=0x7fb8cf3000, flags=CLONE_VM|CLONE_VFORK|SIGCHLD) = 7635
munmap(0x7fb8cea000, 36864)             = 0
rt_sigprocmask(SIG_SETMASK, [CHLD], NULL, 8) = 0
wait4(7635, [{WIFEXITED(s) && WEXITSTATUS(s) == 0}], 0, NULL) = 7635
rt_sigaction(SIGINT, {sa_handler=SIG_DFL, sa_mask=[], sa_flags=0}, NULL, 8) = 0
rt_sigaction(SIGQUIT, {sa_handler=SIG_DFL, sa_mask=[], sa_flags=0}, NULL, 8) = 0
rt_sigprocmask(SIG_SETMASK, [], NULL, 8) = 0
--- SIGCHLD {si_signo=SIGCHLD, si_code=CLD_EXITED, si_pid=7635, si_uid=1000, si_status=0, si_utime=0, si_stime=0} ---
rt_sigaction(SIGINT, {sa_handler=SIG_IGN, sa_mask=[], sa_flags=0}, {sa_handler=SIG_DFL, sa_mask=[], sa_flags=0}, 8) = 0
rt_sigaction(SIGQUIT, {sa_handler=SIG_IGN, sa_mask=[], sa_flags=0}, {sa_handler=SIG_DFL, sa_mask=[], sa_flags=0}, 8) = 0
rt_sigprocmask(SIG_BLOCK, [CHLD], [], 8) = 0
mmap(NULL, 36864, PROT_READ|PROT_WRITE, MAP_PRIVATE|MAP_ANONYMOUS|MAP_STACK, -1, 0) = 0x7fb8cea000
rt_sigprocmask(SIG_BLOCK, ~[], [CHLD], 8) = 0
clone(child_stack=0x7fb8cf3000, flags=CLONE_VM|CLONE_VFORK|SIGCHLD) = 7636
munmap(0x7fb8cea000, 36864)             = 0
rt_sigprocmask(SIG_SETMASK, [CHLD], NULL, 8) = 0
wait4(7636, [{WIFEXITED(s) && WEXITSTATUS(s) == 127}], 0, NULL) = 7636
rt_sigaction(SIGINT, {sa_handler=SIG_DFL, sa_mask=[], sa_flags=0}, NULL, 8) = 0
rt_sigaction(SIGQUIT, {sa_handler=SIG_DFL, sa_mask=[], sa_flags=0}, NULL, 8) = 0
rt_sigprocmask(SIG_SETMASK, [], NULL, 8) = 0
--- SIGCHLD {si_signo=SIGCHLD, si_code=CLD_EXITED, si_pid=7636, si_uid=1000, si_status=127, si_utime=0, si_stime=0} ---
read(9, "\"ca1\"\nAddVoice        \"fr-ca\" \"M"..., 4096) = 4096
read(9, " program is free software; you c"..., 4096) = 666
read(9, "", 4096)                       = 0
close(9)                                = 0
newfstatat(AT_FDCWD, "/etc/speech-dispatcher/modules/dtk-generic.conf", {st_mode=S_IFREG|0644, st_size=4256, ...}, 0) = 0
openat(AT_FDCWD, "/etc/speech-dispatcher/modules/dtk-generic.conf", O_RDONLY) = 9
fstat(9, {st_mode=S_IFREG|0644, st_size=4256, ...}) = 0
read(9, "# DECTalk software output module"..., 4096) = 4096
rt_sigaction(SIGINT, {sa_handler=SIG_IGN, sa_mask=[], sa_flags=0}, {sa_handler=SIG_DFL, sa_mask=[], sa_flags=0}, 8) = 0
rt_sigaction(SIGQUIT, {sa_handler=SIG_IGN, sa_mask=[], sa_flags=0}, {sa_handler=SIG_DFL, sa_mask=[], sa_flags=0}, 8) = 0
rt_sigprocmask(SIG_BLOCK, [CHLD], [], 8) = 0
mmap(NULL, 36864, PROT_READ|PROT_WRITE, MAP_PRIVATE|MAP_ANONYMOUS|MAP_STACK, -1, 0) = 0x7fb8cea000
rt_sigprocmask(SIG_BLOCK, ~[], [CHLD], 8) = 0
clone(child_stack=0x7fb8cf3000, flags=CLONE_VM|CLONE_VFORK|SIGCHLD) = 7637
munmap(0x7fb8cea000, 36864)             = 0
rt_sigprocmask(SIG_SETMASK, [CHLD], NULL, 8) = 0
wait4(7637, [{WIFEXITED(s) && WEXITSTATUS(s) == 127}], 0, NULL) = 7637
rt_sigaction(SIGINT, {sa_handler=SIG_DFL, sa_mask=[], sa_flags=0}, NULL, 8) = 0
rt_sigaction(SIGQUIT, {sa_handler=SIG_DFL, sa_mask=[], sa_flags=0}, NULL, 8) = 0
rt_sigprocmask(SIG_SETMASK, [], NULL, 8) = 0
--- SIGCHLD {si_signo=SIGCHLD, si_code=CLD_EXITED, si_pid=7637, si_uid=1000, si_status=127, si_utime=0, si_stime=0} ---
read(9, "root directory).\n#\n# You should "..., 4096) = 160
read(9, "", 4096)                       = 0
close(9)                                = 0
newfstatat(AT_FDCWD, "/etc/speech-dispatcher/modules/cicero.conf", {st_mode=S_IFREG|0644, st_size=1752, ...}, 0) = 0
newfstatat(AT_FDCWD, "/etc/speech-dispatcher/modules/espeak-ng-mbrola-generic.conf", {st_mode=S_IFREG|0644, st_size=10049, ...}, 0) = 0
openat(AT_FDCWD, "/etc/speech-dispatcher/modules/espeak-ng-mbrola-generic.conf", O_RDONLY) = 9
fstat(9, {st_mode=S_IFREG|0644, st_size=10049, ...}) = 0
read(9, "# Espeak mbrola output module is"..., 4096) = 4096
rt_sigaction(SIGINT, {sa_handler=SIG_IGN, sa_mask=[], sa_flags=0}, {sa_handler=SIG_DFL, sa_mask=[], sa_flags=0}, 8) = 0
rt_sigaction(SIGQUIT, {sa_handler=SIG_IGN, sa_mask=[], sa_flags=0}, {sa_handler=SIG_DFL, sa_mask=[], sa_flags=0}, 8) = 0
rt_sigprocmask(SIG_BLOCK, [CHLD], [], 8) = 0
mmap(NULL, 36864, PROT_READ|PROT_WRITE, MAP_PRIVATE|MAP_ANONYMOUS|MAP_STACK, -1, 0) = 0x7fb8cea000
rt_sigprocmask(SIG_BLOCK, ~[], [CHLD], 8) = 0
clone(child_stack=0x7fb8cf3000, flags=CLONE_VM|CLONE_VFORK|SIGCHLD) = 7638
munmap(0x7fb8cea000, 36864)             = 0
rt_sigprocmask(SIG_SETMASK, [CHLD], NULL, 8) = 0
wait4(7638, [{WIFEXITED(s) && WEXITSTATUS(s) == 0}], 0, NULL) = 7638
rt_sigaction(SIGINT, {sa_handler=SIG_DFL, sa_mask=[], sa_flags=0}, NULL, 8) = 0
rt_sigaction(SIGQUIT, {sa_handler=SIG_DFL, sa_mask=[], sa_flags=0}, NULL, 8) = 0
rt_sigprocmask(SIG_SETMASK, [], NULL, 8) = 0
--- SIGCHLD {si_signo=SIGCHLD, si_code=CLD_EXITED, si_pid=7638, si_uid=1000, si_status=0, si_utime=0, si_stime=0} ---
rt_sigaction(SIGINT, {sa_handler=SIG_IGN, sa_mask=[], sa_flags=0}, {sa_handler=SIG_DFL, sa_mask=[], sa_flags=0}, 8) = 0
rt_sigaction(SIGQUIT, {sa_handler=SIG_IGN, sa_mask=[], sa_flags=0}, {sa_handler=SIG_DFL, sa_mask=[], sa_flags=0}, 8) = 0
rt_sigprocmask(SIG_BLOCK, [CHLD], [], 8) = 0
mmap(NULL, 36864, PROT_READ|PROT_WRITE, MAP_PRIVATE|MAP_ANONYMOUS|MAP_STACK, -1, 0) = 0x7fb8cea000
rt_sigprocmask(SIG_BLOCK, ~[], [CHLD], 8) = 0
clone(child_stack=0x7fb8cf3000, flags=CLONE_VM|CLONE_VFORK|SIGCHLD) = 7639
munmap(0x7fb8cea000, 36864)             = 0
rt_sigprocmask(SIG_SETMASK, [CHLD], NULL, 8) = 0
wait4(7639, [{WIFEXITED(s) && WEXITSTATUS(s) == 127}], 0, NULL) = 7639
rt_sigaction(SIGINT, {sa_handler=SIG_DFL, sa_mask=[], sa_flags=0}, NULL, 8) = 0
rt_sigaction(SIGQUIT, {sa_handler=SIG_DFL, sa_mask=[], sa_flags=0}, NULL, 8) = 0
rt_sigprocmask(SIG_SETMASK, [], NULL, 8) = 0
--- SIGCHLD {si_signo=SIGCHLD, si_code=CLD_EXITED, si_pid=7639, si_uid=1000, si_status=127, si_utime=0, si_stime=0} ---
read(9, "ICE string should be assigned to"..., 4096) = 4096
read(9, "0     0            0 to 99      "..., 4096) = 1857
read(9, "", 4096)                       = 0
close(9)                                = 0
newfstatat(AT_FDCWD, "/etc/speech-dispatcher/modules/espeak.conf", {st_mode=S_IFREG|0644, st_size=2319, ...}, 0) = 0
newfstatat(AT_FDCWD, "/etc/speech-dispatcher/modules/ivona.conf", {st_mode=S_IFREG|0644, st_size=1632, ...}, 0) = 0
newfstatat(AT_FDCWD, "/etc/speech-dispatcher/modules/swift-generic.conf", {st_mode=S_IFREG|0644, st_size=3759, ...}, 0) = 0
openat(AT_FDCWD, "/etc/speech-dispatcher/modules/swift-generic.conf", O_RDONLY) = 9
fstat(9, {st_mode=S_IFREG|0644, st_size=3759, ...}) = 0
read(9, "# Swift software output module i"..., 4096) = 3759
rt_sigaction(SIGINT, {sa_handler=SIG_IGN, sa_mask=[], sa_flags=0}, {sa_handler=SIG_DFL, sa_mask=[], sa_flags=0}, 8) = 0
rt_sigaction(SIGQUIT, {sa_handler=SIG_IGN, sa_mask=[], sa_flags=0}, {sa_handler=SIG_DFL, sa_mask=[], sa_flags=0}, 8) = 0
rt_sigprocmask(SIG_BLOCK, [CHLD], [], 8) = 0
mmap(NULL, 36864, PROT_READ|PROT_WRITE, MAP_PRIVATE|MAP_ANONYMOUS|MAP_STACK, -1, 0) = 0x7fb8cea000
rt_sigprocmask(SIG_BLOCK, ~[], [CHLD], 8) = 0
clone(child_stack=0x7fb8cf3000, flags=CLONE_VM|CLONE_VFORK|SIGCHLD) = 7640
munmap(0x7fb8cea000, 36864)             = 0
rt_sigprocmask(SIG_SETMASK, [CHLD], NULL, 8) = 0
wait4(7640, [{WIFEXITED(s) && WEXITSTATUS(s) == 127}], 0, NULL) = 7640
rt_sigaction(SIGINT, {sa_handler=SIG_DFL, sa_mask=[], sa_flags=0}, NULL, 8) = 0
rt_sigaction(SIGQUIT, {sa_handler=SIG_DFL, sa_mask=[], sa_flags=0}, NULL, 8) = 0
rt_sigprocmask(SIG_SETMASK, [], NULL, 8) = 0
--- SIGCHLD {si_signo=SIGCHLD, si_code=CLD_EXITED, si_pid=7640, si_uid=1000, si_status=127, si_utime=0, si_stime=0} ---
read(9, "", 4096)                       = 0
close(9)                                = 0
newfstatat(AT_FDCWD, "/etc/speech-dispatcher/modules/espeak-ng.conf", {st_mode=S_IFREG|0644, st_size=2324, ...}, 0) = 0
getdents64(8, 0x5596666ac0 /* 0 entries */, 32768) = 0
brk(0x5596687000)                       = 0x5596687000
close(8)                                = 0
newfstatat(AT_FDCWD, "/usr/lib/speech-dispatcher-modules/sd_dummy", {st_mode=S_IFREG|0755, st_size=84136, ...}, 0) = 0
getdents64(6, 0x559665d4c0 /* 0 entries */, 32768) = 0
close(6)                                = 0
pipe2([6, 8], 0)                        = 0
pipe2([9, 10], 0)                       = 0
openat(AT_FDCWD, "/run/user/1000/speech-dispatcher/log//espeak-ng.log", O_WRONLY|O_CREAT|O_TRUNC, 0600) = 11
newfstatat(AT_FDCWD, "/etc/localtime", {st_mode=S_IFREG|0644, st_size=3678, ...}, 0) = 0
write(7, "[Wed Nov  5 07:04:41 2025 : 2723"..., 207) = 207
newfstatat(AT_FDCWD, "/etc/localtime", {st_mode=S_IFREG|0644, st_size=3678, ...}, 0) = 0
write(7, "[Wed Nov  5 07:04:41 2025 : 2725"..., 132) = 132
clone(child_stack=NULL, flags=CLONE_CHILD_CLEARTID|CLONE_CHILD_SETTID|SIGCHLD, child_tidptr=0x7fb8d1b110) = 7641
close(6)                                = 0
close(10)                               = 0
clock_nanosleep(CLOCK_REALTIME, 0, {tv_sec=0, tv_nsec=100000}, NULL) = 0
wait4(7641, NULL, WNOHANG, NULL)        = 0
newfstatat(AT_FDCWD, "/etc/localtime", {st_mode=S_IFREG|0644, st_size=3678, ...}, 0) = 0
write(7, "[Wed Nov  5 07:04:41 2025 : 2739"..., 71) = 71
fcntl(9, F_GETFL)                       = 0 (flags O_RDONLY)
write(8, "INIT\n", 5)                   = 5
dup(9)                                  = 6
fcntl(6, F_GETFL)                       = 0 (flags O_RDONLY)
fstat(6, {st_mode=S_IFIFO|0600, st_size=0, ...}) = 0
read(6, "299-Espeak-ng: Initialized succe"..., 4096) = 68
close(6)                                = 0
newfstatat(AT_FDCWD, "/etc/localtime", {st_mode=S_IFREG|0644, st_size=3678, ...}, 0) = 0
write(7, "[Wed Nov  5 07:04:41 2025 : 3962"..., 169) = 169
write(8, "AUDIO\n", 6)                  = 6
read(9, "2", 1)                         = 1
read(9, "0", 1)                         = 1
read(9, "7", 1)                         = 1
read(9, " ", 1)                         = 1
read(9, "O", 1)                         = 1
read(9, "K", 1)                         = 1
read(9, " ", 1)                         = 1
read(9, "R", 1)                         = 1
read(9, "E", 1)                         = 1
read(9, "C", 1)                         = 1
read(9, "E", 1)                         = 1
read(9, "I", 1)                         = 1
read(9, "V", 1)                         = 1
read(9, "I", 1)                         = 1
read(9, "N", 1)                         = 1
read(9, "G", 1)                         = 1
read(9, " ", 1)                         = 1
read(9, "A", 1)                         = 1
read(9, "U", 1)                         = 1
read(9, "D", 1)                         = 1
read(9, "I", 1)                         = 1
read(9, "O", 1)                         = 1
read(9, " ", 1)                         = 1
read(9, "S", 1)                         = 1
read(9, "E", 1)                         = 1
read(9, "T", 1)                         = 1
read(9, "T", 1)                         = 1
read(9, "I", 1)                         = 1
read(9, "N", 1)                         = 1
read(9, "G", 1)                         = 1
read(9, "S", 1)                         = 1
read(9, "\n", 1)                        = 1
write(8, "audio_output_method=pulse\naudio_"..., 167) = 167
write(8, ".\n", 2)                      = 2
read(9, "2", 1)                         = 1
read(9, "0", 1)                         = 1
read(9, "3", 1)                         = 1
read(9, " ", 1)                         = 1
read(9, "O", 1)                         = 1
read(9, "K", 1)                         = 1
read(9, " ", 1)                         = 1
read(9, "A", 1)                         = 1
read(9, "U", 1)                         = 1
read(9, "D", 1)                         = 1
read(9, "I", 1)                         = 1
read(9, "O", 1)                         = 1
read(9, " ", 1)                         = 1
read(9, "I", 1)                         = 1
read(9, "N", 1)                         = 1
read(9, "I", 1)                         = 1
read(9, "T", 1)                         = 1
read(9, "I", 1)                         = 1
read(9, "A", 1)                         = 1
read(9, "L", 1)                         = 1
read(9, "I", 1)                         = 1
read(9, "Z", 1)                         = 1
read(9, "E", 1)                         = 1
read(9, "D", 1)                         = 1
read(9, "\n", 1)                        = 1
write(8, "LOGLEVEL\n", 9)               = 9
read(9, "2", 1)                         = 1
read(9, "0", 1)                         = 1
read(9, "7", 1)                         = 1
read(9, " ", 1)                         = 1
read(9, "O", 1)                         = 1
read(9, "K", 1)                         = 1
read(9, " ", 1)                         = 1
read(9, "R", 1)                         = 1
read(9, "E", 1)                         = 1
read(9, "C", 1)                         = 1
read(9, "E", 1)                         = 1
read(9, "I", 1)                         = 1
read(9, "V", 1)                         = 1
read(9, "I", 1)                         = 1
read(9, "N", 1)                         = 1
read(9, "G", 1)                         = 1
read(9, " ", 1)                         = 1
read(9, "L", 1)                         = 1
read(9, "O", 1)                         = 1
read(9, "G", 1)                         = 1
read(9, "L", 1)                         = 1
read(9, "E", 1)                         = 1
read(9, "V", 1)                         = 1
read(9, "E", 1)                         = 1
read(9, "L", 1)                         = 1
read(9, " ", 1)                         = 1
read(9, "S", 1)                         = 1
read(9, "E", 1)                         = 1
read(9, "T", 1)                         = 1
read(9, "T", 1)                         = 1
read(9, "I", 1)                         = 1
read(9, "N", 1)                         = 1
read(9, "G", 1)                         = 1
read(9, "S", 1)                         = 1
read(9, "\n", 1)                        = 1
write(8, "log_level=3\n", 12)           = 12
write(8, ".\n", 2)                      = 2
read(9, "2", 1)                         = 1
read(9, "0", 1)                         = 1
read(9, "3", 1)                         = 1
read(9, " ", 1)                         = 1
read(9, "O", 1)                         = 1
read(9, "K", 1)                         = 1
read(9, " ", 1)                         = 1
read(9, "L", 1)                         = 1
read(9, "O", 1)                         = 1
read(9, "G", 1)                         = 1
read(9, " ", 1)                         = 1
read(9, "L", 1)                         = 1
read(9, "E", 1)                         = 1
read(9, "V", 1)                         = 1
read(9, "E", 1)                         = 1
read(9, "L", 1)                         = 1
read(9, " ", 1)                         = 1
read(9, "S", 1)                         = 1
read(9, "E", 1)                         = 1
read(9, "T", 1)                         = 1
read(9, "\n", 1)                        = 1
pipe2([6, 10], 0)                       = 0
pipe2([12, 13], 0)                      = 0
openat(AT_FDCWD, "/run/user/1000/speech-dispatcher/log//dummy.log", O_WRONLY|O_CREAT|O_TRUNC, 0600) = 14
newfstatat(AT_FDCWD, "/etc/localtime", {st_mode=S_IFREG|0644, st_size=3678, ...}, 0) = 0
write(7, "[Wed Nov  5 07:04:41 2025 : 4241"..., 195) = 195
newfstatat(AT_FDCWD, "/etc/localtime", {st_mode=S_IFREG|0644, st_size=3678, ...}, 0) = 0
write(7, "[Wed Nov  5 07:04:41 2025 : 4244"..., 128) = 128
clone(child_stack=NULL, flags=CLONE_CHILD_CLEARTID|CLONE_CHILD_SETTID|SIGCHLD, child_tidptr=0x7fb8d1b110) = 7647
close(6)                                = 0
close(13)                               = 0
clock_nanosleep(CLOCK_REALTIME, 0, {tv_sec=0, tv_nsec=100000}, NULL) = 0
wait4(7647, NULL, WNOHANG, NULL)        = 0
newfstatat(AT_FDCWD, "/etc/localtime", {st_mode=S_IFREG|0644, st_size=3678, ...}, 0) = 0
write(7, "[Wed Nov  5 07:04:41 2025 : 4276"..., 67) = 67
fcntl(12, F_GETFL)                      = 0 (flags O_RDONLY)
write(10, "INIT\n", 5)                  = 5
dup(12)                                 = 6
fcntl(6, F_GETFL)                       = 0 (flags O_RDONLY)
fstat(6, {st_mode=S_IFIFO|0600, st_size=0, ...}) = 0
read(6, "299-Everything ok so far.\n299 OK"..., 4096) = 53
close(6)                                = 0
newfstatat(AT_FDCWD, "/etc/localtime", {st_mode=S_IFREG|0644, st_size=3678, ...}, 0) = 0
write(7, "[Wed Nov  5 07:04:41 2025 : 4309"..., 150) = 150
write(10, "AUDIO\n", 6)                 = 6
read(12, "2", 1)                        = 1
read(12, "0", 1)                        = 1
read(12, "7", 1)                        = 1
read(12, " ", 1)                        = 1
read(12, "O", 1)                        = 1
read(12, "K", 1)                        = 1
read(12, " ", 1)                        = 1
read(12, "R", 1)                        = 1
read(12, "E", 1)                        = 1
read(12, "C", 1)                        = 1
read(12, "E", 1)                        = 1
read(12, "I", 1)                        = 1
read(12, "V", 1)                        = 1
read(12, "I", 1)                        = 1
read(12, "N", 1)                        = 1
read(12, "G", 1)                        = 1
read(12, " ", 1)                        = 1
read(12, "A", 1)                        = 1
read(12, "U", 1)                        = 1
read(12, "D", 1)                        = 1
read(12, "I", 1)                        = 1
read(12, "O", 1)                        = 1
read(12, " ", 1)                        = 1
read(12, "S", 1)                        = 1
read(12, "E", 1)                        = 1
read(12, "T", 1)                        = 1
read(12, "T", 1)                        = 1
read(12, "I", 1)                        = 1
read(12, "N", 1)                        = 1
read(12, "G", 1)                        = 1
read(12, "S", 1)                        = 1
read(12, "\n", 1)                       = 1
write(10, "audio_output_method=pulse\naudio_"..., 167) = 167
write(10, ".\n", 2)                     = 2
read(12, "2", 1)                        = 1
read(12, "0", 1)                        = 1
read(12, "3", 1)                        = 1
read(12, " ", 1)                        = 1
read(12, "O", 1)                        = 1
read(12, "K", 1)                        = 1
read(12, " ", 1)                        = 1
read(12, "A", 1)                        = 1
read(12, "U", 1)                        = 1
read(12, "D", 1)                        = 1
read(12, "I", 1)                        = 1
read(12, "O", 1)                        = 1
read(12, " ", 1)                        = 1
read(12, "I", 1)                        = 1
read(12, "N", 1)                        = 1
read(12, "I", 1)                        = 1
read(12, "T", 1)                        = 1
read(12, "I", 1)                        = 1
read(12, "A", 1)                        = 1
read(12, "L", 1)                        = 1
read(12, "I", 1)                        = 1
read(12, "Z", 1)                        = 1
read(12, "E", 1)                        = 1
read(12, "D", 1)                        = 1
read(12, "\n", 1)                       = 1
write(10, "LOGLEVEL\n", 9)              = 9
read(12, "2", 1)                        = 1
read(12, "0", 1)                        = 1
read(12, "7", 1)                        = 1
read(12, " ", 1)                        = 1
read(12, "O", 1)                        = 1
read(12, "K", 1)                        = 1
read(12, " ", 1)                        = 1
read(12, "R", 1)                        = 1
read(12, "E", 1)                        = 1
read(12, "C", 1)                        = 1
read(12, "E", 1)                        = 1
read(12, "I", 1)                        = 1
read(12, "V", 1)                        = 1
read(12, "I", 1)                        = 1
read(12, "N", 1)                        = 1
read(12, "G", 1)                        = 1
read(12, " ", 1)                        = 1
read(12, "L", 1)                        = 1
read(12, "O", 1)                        = 1
read(12, "G", 1)                        = 1
read(12, "L", 1)                        = 1
read(12, "E", 1)                        = 1
read(12, "V", 1)                        = 1
read(12, "E", 1)                        = 1
read(12, "L", 1)                        = 1
read(12, " ", 1)                        = 1
read(12, "S", 1)                        = 1
read(12, "E", 1)                        = 1
read(12, "T", 1)                        = 1
read(12, "T", 1)                        = 1
read(12, "I", 1)                        = 1
read(12, "N", 1)                        = 1
read(12, "G", 1)                        = 1
read(12, "S", 1)                        = 1
read(12, "\n", 1)                       = 1
write(10, "log_level=3\n", 12)          = 12
write(10, ".\n", 2)                     = 2
read(12, "2", 1)                        = 1
read(12, "0", 1)                        = 1
read(12, "3", 1)                        = 1
read(12, " ", 1)                        = 1
read(12, "O", 1)                        = 1
read(12, "K", 1)                        = 1
read(12, " ", 1)                        = 1
read(12, "L", 1)                        = 1
read(12, "O", 1)                        = 1
read(12, "G", 1)                        = 1
read(12, " ", 1)                        = 1
read(12, "L", 1)                        = 1
read(12, "E", 1)                        = 1
read(12, "V", 1)                        = 1
read(12, "E", 1)                        = 1
read(12, "L", 1)                        = 1
read(12, " ", 1)                        = 1
read(12, "S", 1)                        = 1
read(12, "E", 1)                        = 1
read(12, "T", 1)                        = 1
read(12, "\n", 1)                       = 1
openat(AT_FDCWD, "/run/user/1000/speech-dispatcher/log//speech-dispatcher.log", O_WRONLY|O_CREAT|O_APPEND, 0666) = 6
lseek(6, 0, SEEK_END)                   = 6597
newfstatat(AT_FDCWD, "/etc/localtime", {st_mode=S_IFREG|0644, st_size=3678, ...}, 0) = 0
fstat(6, {st_mode=S_IFREG|0660, st_size=6597, ...}) = 0
write(6, "[Wed Nov  5 07:04:41 2025 : 4662"..., 141) = 141
newfstatat(AT_FDCWD, "/etc/localtime", {st_mode=S_IFREG|0644, st_size=3678, ...}, 0) = 0
write(6, "[Wed Nov  5 07:04:41 2025 : 4666"..., 95) = 95
faccessat(AT_FDCWD, "/run/user/1000/speech-dispatcher/speechd.sock", F_OK) = 0
unlinkat(AT_FDCWD, "/run/user/1000/speech-dispatcher/speechd.sock", 0) = 0
socket(AF_UNIX, SOCK_STREAM, 0)         = 13
bind(13, {sa_family=AF_UNIX, sun_path="/run/user/1000/speech-dispatcher/speechd.sock"}, 47) = 0
listen(13, 50)                          = 0
futex(0x7fb8cb1f20, FUTEX_WAKE_PRIVATE, 2147483647) = 0
eventfd2(0, EFD_CLOEXEC|EFD_NONBLOCK)   = 15
write(15, "\1\0\0\0\0\0\0\0", 8)        = 8
futex(0x7fb8cb1f20, FUTEX_WAKE_PRIVATE, 2147483647) = 0
rt_sigprocmask(SIG_SETMASK, ~[RTMIN RT_1], [], 8) = 0
eventfd2(0, EFD_CLOEXEC|EFD_NONBLOCK)   = 16
write(16, "\1\0\0\0\0\0\0\0", 8)        = 8
mmap(NULL, 8392704, PROT_NONE, MAP_PRIVATE|MAP_ANONYMOUS|MAP_STACK, -1, 0) = 0x7fb7e5b000
mprotect(0x7fb7e5c000, 8388608, PROT_READ|PROT_WRITE) = 0
clone(child_stack=0x7fb865aac0, flags=CLONE_VM|CLONE_FS|CLONE_FILES|CLONE_SIGHAND|CLONE_THREAD|CLONE_SYSVSEM|CLONE_SETTLS|CLONE_PARENT_SETTID|CLONE_CHILD_CLEARTID, parent_tid=[7650], tls=0x7fb865b8c0, child_tidptr=0x7fb865b290) = 7650
rt_sigprocmask(SIG_SETMASK, [], NULL, 8) = 0
futex(0x7fb8cb1f20, FUTEX_WAKE_PRIVATE, 2147483647) = 0
rt_sigaction(SIGINT, {sa_handler=0x7fb8bbd710, sa_mask=[], sa_flags=SA_RESTART|SA_NOCLDSTOP}, NULL, 8) = 0
rt_sigaction(SIGTERM, {sa_handler=0x7fb8bbd710, sa_mask=[], sa_flags=SA_RESTART|SA_NOCLDSTOP}, NULL, 8) = 0
rt_sigaction(SIGHUP, {sa_handler=0x7fb8bbd710, sa_mask=[], sa_flags=SA_RESTART|SA_NOCLDSTOP}, NULL, 8) = 0
rt_sigaction(SIGUSR1, {sa_handler=0x7fb8bbd710, sa_mask=[], sa_flags=SA_RESTART|SA_NOCLDSTOP}, NULL, 8) = 0
rt_sigaction(SIGPIPE, {sa_handler=SIG_IGN, sa_mask=[PIPE], sa_flags=SA_RESTART}, {sa_handler=SIG_DFL, sa_mask=[], sa_flags=0}, 8) = 0
mmap(NULL, 8392704, PROT_NONE, MAP_PRIVATE|MAP_ANONYMOUS|MAP_STACK, -1, 0) = 0x7fb765a000
mprotect(0x7fb765b000, 8388608, PROT_READ|PROT_WRITE) = 0
clone(child_stack=0x7fb7e59ac0, flags=CLONE_VM|CLONE_FS|CLONE_FILES|CLONE_SIGHAND|CLONE_THREAD|CLONE_SYSVSEM|CLONE_SETTLS|CLONE_PARENT_SETTID|CLONE_CHILD_CLEARTID, parent_tid=[7651], tls=0x7fb7e5a8c0, child_tidptr=0x7fb7e5a290) = 7651
write(15, "\1\0\0\0\0\0\0\0", 8)        = 8
newfstatat(AT_FDCWD, "/etc/localtime", {st_mode=S_IFREG|0644, st_size=3678, ...}, 0) = 0
write(6, "[Wed Nov  5 07:04:41 2025 : 4704"..., 99) = 99
ppoll([{fd=13, events=POLLIN}, {fd=15, events=POLLIN}], 2, {tv_sec=4, tv_nsec=851000000}, NULL, 0) = 1 ([{fd=15, revents=POLLIN}], left {tv_sec=4, tv_nsec=850994204})
read(15, "\2\0\0\0\0\0\0\0", 16)        = 8
ppoll([{fd=13, events=POLLIN}, {fd=15, events=POLLIN}], 2, {tv_sec=4, tv_nsec=850000000}, NULL, 0) = 0 (Timeout)
write(15, "\1\0\0\0\0\0\0\0", 8)        = 8
futex(0x5596659820, FUTEX_WAKE_PRIVATE, 2147483647) = 0
newfstatat(AT_FDCWD, "/etc/localtime", {st_mode=S_IFREG|0644, st_size=3678, ...}, 0) = 0
write(6, "[Wed Nov  5 07:04:46 2025 : 3237"..., 60) = 60
newfstatat(AT_FDCWD, "/etc/localtime", {st_mode=S_IFREG|0644, st_size=3678, ...}, 0) = 0
write(6, "[Wed Nov  5 07:04:46 2025 : 3245"..., 74) = 74
openat(AT_FDCWD, "/etc/ld.so.cache", O_RDONLY|O_CLOEXEC) = 17
fstat(17, {st_mode=S_IFREG|0644, st_size=86061, ...}) = 0
mmap(NULL, 86061, PROT_READ, MAP_PRIVATE, 17, 0) = 0x7fb8cdd000
close(17)                               = 0
openat(AT_FDCWD, "/lib/aarch64-linux-gnu/libgcc_s.so.1", O_RDONLY|O_CLOEXEC) = 17
read(17, "\177ELF\2\1\1\0\0\0\0\0\0\0\0\0\3\0\267\0\1\0\0\0\320)\0\0\0\0\0\0"..., 832) = 832
fstat(17, {st_mode=S_IFREG|0644, st_size=80200, ...}) = 0
mmap(NULL, 144472, PROT_READ|PROT_EXEC, MAP_PRIVATE|MAP_DENYWRITE, 17, 0) = 0x7fb7636000
mprotect(0x7fb7649000, 61440, PROT_NONE) = 0
mmap(0x7fb7658000, 8192, PROT_READ|PROT_WRITE, MAP_PRIVATE|MAP_FIXED|MAP_DENYWRITE, 17, 0x12000) = 0x7fb7658000
close(17)                               = 0
mprotect(0x7fb7658000, 4096, PROT_READ) = 0
munmap(0x7fb8cdd000, 86061)             = 0
getpid()                                = 7629
tgkill(7629, 7651, SIGRTMIN)            = 0
futex(0x7fb7e5a290, FUTEX_WAIT, 7651, NULL) = 0
newfstatat(AT_FDCWD, "/etc/localtime", {st_mode=S_IFREG|0644, st_size=3678, ...}, 0) = 0
write(6, "[Wed Nov  5 07:04:46 2025 : 3307"..., 77) = 77
newfstatat(AT_FDCWD, "/etc/localtime", {st_mode=S_IFREG|0644, st_size=3678, ...}, 0) = 0
write(6, "[Wed Nov  5 07:04:46 2025 : 3313"..., 79) = 79
newfstatat(AT_FDCWD, "/etc/localtime", {st_mode=S_IFREG|0644, st_size=3678, ...}, 0) = 0
write(6, "[Wed Nov  5 07:04:46 2025 : 3320"..., 77) = 77
write(8, "STOP\n", 5)                   = 5
write(8, "QUIT\n", 5)                   = 5
read(9, "2", 1)                         = 1
read(9, "1", 1)                         = 1
read(9, "0", 1)                         = 1
read(9, " ", 1)                         = 1
read(9, "O", 1)                         = 1
read(9, "K", 1)                         = 1
read(9, " ", 1)                         = 1
read(9, "Q", 1)                         = 1
read(9, "U", 1)                         = 1
read(9, "I", 1)                         = 1
read(9, "T", 1)                         = 1
read(9, "\n", 1)                        = 1
clock_nanosleep(CLOCK_REALTIME, 0, {tv_sec=0, tv_nsec=100000}, NULL) = 0
wait4(7641, NULL, WNOHANG, NULL)        = 0
clock_nanosleep(CLOCK_REALTIME, 0, {tv_sec=0, tv_nsec=100000000}, NULL) = ? ERESTART_RESTARTBLOCK (Interrupted by signal)
--- SIGCHLD {si_signo=SIGCHLD, si_code=CLD_EXITED, si_pid=7641, si_uid=1000, si_status=0, si_utime=4, si_stime=3} ---
restart_syscall(<... resuming interrupted clock_nanosleep ...>) = 0
wait4(7641, NULL, WNOHANG, NULL)        = 7641
close(8)                                = 0
close(9)                                = 0
newfstatat(AT_FDCWD, "/etc/localtime", {st_mode=S_IFREG|0644, st_size=3678, ...}, 0) = 0
write(6, "[Wed Nov  5 07:04:46 2025 : 4406"..., 75) = 75
newfstatat(AT_FDCWD, "/etc/localtime", {st_mode=S_IFREG|0644, st_size=3678, ...}, 0) = 0
write(6, "[Wed Nov  5 07:04:46 2025 : 4411"..., 73) = 73
write(10, "STOP\n", 5)                  = 5
write(10, "QUIT\n", 5)                  = 5
read(12, "2", 1)                        = 1
read(12, "1", 1)                        = 1
read(12, "0", 1)                        = 1
read(12, " ", 1)                        = 1
read(12, "O", 1)                        = 1
read(12, "K", 1)                        = 1
read(12, " ", 1)                        = 1
read(12, "Q", 1)                        = 1
read(12, "U", 1)                        = 1
read(12, "I", 1)                        = 1
read(12, "T", 1)                        = 1
read(12, "\n", 1)                       = 1
clock_nanosleep(CLOCK_REALTIME, 0, {tv_sec=0, tv_nsec=100000}, NULL) = 0
--- SIGCHLD {si_signo=SIGCHLD, si_code=CLD_EXITED, si_pid=7647, si_uid=1000, si_status=0, si_utime=1, si_stime=1} ---
wait4(7647, NULL, WNOHANG, NULL)        = 7647
close(10)                               = 0
close(12)                               = 0
newfstatat(AT_FDCWD, "/etc/localtime", {st_mode=S_IFREG|0644, st_size=3678, ...}, 0) = 0
write(6, "[Wed Nov  5 07:04:46 2025 : 4480"..., 75) = 75
close(13)                               = 0
unlinkat(AT_FDCWD, "/run/user/1000/speech-dispatcher/pid/speech-dispatcher.pid", 0) = 0
newfstatat(AT_FDCWD, "/etc/localtime", {st_mode=S_IFREG|0644, st_size=3678, ...}, 0) = 0
write(6, "[Wed Nov  5 07:04:46 2025 : 4498"..., 85) = 85
exit_group(0)                           = ?
+++ exited with 0 +++
